<?xml version="1.0" encoding="UTF-8"?>
<!-- Generated by org.testng.reporters.JUnitReportReporter -->
<testsuite name="com.usa.testrunner.TestNGRunner" tests="1" time="0.000" ignored="0" failures="0" timestamp="03 Mar 2018 23:30:52 GMT" skipped="1" hostname="LAPTOP-NOO1O6PJ" errors="0">
  <testcase name="feature" time="0.000" classname="com.usa.testrunner.TestNGRunner">
    <skipped/>
  </testcase> <!-- feature -->
</testsuite> <!-- com.usa.testrunner.TestNGRunner -->
