<?xml version="1.0" encoding="UTF-8"?>
<!-- Generated by org.testng.reporters.JUnitReportReporter -->
<testsuite skipped="0" hostname="LAPTOP-NOO1O6PJ" name="com.usa.testrunner.TextNGRunner$TestNGRunner222" tests="1" failures="0" timestamp="05 Mar 2018 00:13:58 GMT" time="24.327" errors="0">
  <testcase name="feature" time="24.327" classname="com.usa.testrunner.TextNGRunner$TestNGRunner222"/>
</testsuite> <!-- com.usa.testrunner.TextNGRunner$TestNGRunner222 -->
